<?xml version="1.0" encoding="UTF-8"?>
<testsuite xmlns:xsi="http://www.w3.org/2001/XMLSchema-instance" xsi:noNamespaceSchemaLocation="https://maven.apache.org/surefire/maven-surefire-plugin/xsd/surefire-test-report.xsd" name="org.summerclounds.core.test.MJsonTest" time="0.072" tests="4" errors="0" skipped="0" failures="0">
  <properties>
    <property name="gopherProxySet" value="false"/>
    <property name="awt.toolkit" value="sun.lwawt.macosx.LWCToolkit"/>
    <property name="java.specification.version" value="11"/>
    <property name="sun.cpu.isalist" value=""/>
    <property name="sun.jnu.encoding" value="UTF-8"/>
    <property name="java.class.path" value="/Users/mikehummel/MHU/summerclouds/workspace/common-core-spring-boot-starter/target/test-classes:/Users/mikehummel/MHU/summerclouds/workspace/common-core-spring-boot-starter/target/classes:/Users/mikehummel/.m2/repository/org/yaml/snakeyaml/1.29/snakeyaml-1.29.jar:/Users/mikehummel/.m2/repository/com/fasterxml/jackson/core/jackson-databind/2.13.1/jackson-databind-2.13.1.jar:/Users/mikehummel/.m2/repository/com/fasterxml/jackson/core/jackson-annotations/2.13.1/jackson-annotations-2.13.1.jar:/Users/mikehummel/.m2/repository/com/fasterxml/jackson/core/jackson-core/2.13.1/jackson-core-2.13.1.jar:/Users/mikehummel/.m2/repository/org/springframework/spring-context-support/5.3.14/spring-context-support-5.3.14.jar:/Users/mikehummel/.m2/repository/org/springframework/spring-beans/5.3.14/spring-beans-5.3.14.jar:/Users/mikehummel/.m2/repository/org/springframework/spring-context/5.3.14/spring-context-5.3.14.jar:/Users/mikehummel/.m2/repository/org/springframework/spring-aop/5.3.14/spring-aop-5.3.14.jar:/Users/mikehummel/.m2/repository/org/springframework/spring-expression/5.3.14/spring-expression-5.3.14.jar:/Users/mikehummel/.m2/repository/org/springframework/spring-core/5.3.14/spring-core-5.3.14.jar:/Users/mikehummel/.m2/repository/org/springframework/spring-jcl/5.3.14/spring-jcl-5.3.14.jar:/Users/mikehummel/.m2/repository/org/springframework/boot/spring-boot-autoconfigure/2.6.2/spring-boot-autoconfigure-2.6.2.jar:/Users/mikehummel/.m2/repository/org/springframework/boot/spring-boot/2.6.2/spring-boot-2.6.2.jar:/Users/mikehummel/.m2/repository/org/springframework/boot/spring-boot-configuration-processor/2.6.2/spring-boot-configuration-processor-2.6.2.jar:/Users/mikehummel/.m2/repository/net/bytebuddy/byte-buddy/1.11.22/byte-buddy-1.11.22.jar:/Users/mikehummel/.m2/repository/net/bytebuddy/byte-buddy-agent/1.11.22/byte-buddy-agent-1.11.22.jar:/Users/mikehummel/.m2/repository/org/slf4j/slf4j-api/1.7.32/slf4j-api-1.7.32.jar:/Users/mikehummel/.m2/repository/org/jline/jline/3.19.0/jline-3.19.0.jar:/Users/mikehummel/.m2/repository/org/summerclouds/common/common-junit/0.0.1-SNAPSHOT/common-junit-0.0.1-SNAPSHOT.jar:/Users/mikehummel/.m2/repository/org/junit/jupiter/junit-jupiter-engine/5.8.2/junit-jupiter-engine-5.8.2.jar:/Users/mikehummel/.m2/repository/org/junit/platform/junit-platform-engine/1.8.2/junit-platform-engine-1.8.2.jar:/Users/mikehummel/.m2/repository/org/apiguardian/apiguardian-api/1.1.2/apiguardian-api-1.1.2.jar:/Users/mikehummel/.m2/repository/org/junit/jupiter/junit-jupiter-api/5.8.2/junit-jupiter-api-5.8.2.jar:/Users/mikehummel/.m2/repository/org/opentest4j/opentest4j/1.2.0/opentest4j-1.2.0.jar:/Users/mikehummel/.m2/repository/org/junit/platform/junit-platform-commons/1.8.2/junit-platform-commons-1.8.2.jar:/Users/mikehummel/.m2/repository/org/junit/platform/junit-platform-launcher/1.8.2/junit-platform-launcher-1.8.2.jar:/Users/mikehummel/.m2/repository/ch/qos/logback/logback-classic/1.2.9/logback-classic-1.2.9.jar:/Users/mikehummel/.m2/repository/ch/qos/logback/logback-core/1.2.9/logback-core-1.2.9.jar:"/>
    <property name="java.vm.vendor" value="AdoptOpenJDK"/>
    <property name="sun.arch.data.model" value="64"/>
    <property name="java.vendor.url" value="https://adoptopenjdk.net/"/>
    <property name="user.timezone" value=""/>
    <property name="java.vm.specification.version" value="11"/>
    <property name="os.name" value="Mac OS X"/>
    <property name="sun.java.launcher" value="SUN_STANDARD"/>
    <property name="user.country" value="GB"/>
    <property name="sun.boot.library.path" value="/Library/Java/JavaVirtualMachines/adoptopenjdk-11.jdk/Contents/Home/lib"/>
    <property name="sun.java.command" value="/Users/mikehummel/MHU/summerclouds/workspace/common-core-spring-boot-starter/target/surefire/surefirebooter13933548254791958439.jar /Users/mikehummel/MHU/summerclouds/workspace/common-core-spring-boot-starter/target/surefire 2022-02-08T01-09-07_939-jvmRun1 surefire11872627945782947352tmp surefire_04160722620286662016tmp"/>
    <property name="http.nonProxyHosts" value="localhost|*.localhost"/>
    <property name="jdk.debug" value="release"/>
    <property name="surefire.test.class.path" value="/Users/mikehummel/MHU/summerclouds/workspace/common-core-spring-boot-starter/target/test-classes:/Users/mikehummel/MHU/summerclouds/workspace/common-core-spring-boot-starter/target/classes:/Users/mikehummel/.m2/repository/org/yaml/snakeyaml/1.29/snakeyaml-1.29.jar:/Users/mikehummel/.m2/repository/com/fasterxml/jackson/core/jackson-databind/2.13.1/jackson-databind-2.13.1.jar:/Users/mikehummel/.m2/repository/com/fasterxml/jackson/core/jackson-annotations/2.13.1/jackson-annotations-2.13.1.jar:/Users/mikehummel/.m2/repository/com/fasterxml/jackson/core/jackson-core/2.13.1/jackson-core-2.13.1.jar:/Users/mikehummel/.m2/repository/org/springframework/spring-context-support/5.3.14/spring-context-support-5.3.14.jar:/Users/mikehummel/.m2/repository/org/springframework/spring-beans/5.3.14/spring-beans-5.3.14.jar:/Users/mikehummel/.m2/repository/org/springframework/spring-context/5.3.14/spring-context-5.3.14.jar:/Users/mikehummel/.m2/repository/org/springframework/spring-aop/5.3.14/spring-aop-5.3.14.jar:/Users/mikehummel/.m2/repository/org/springframework/spring-expression/5.3.14/spring-expression-5.3.14.jar:/Users/mikehummel/.m2/repository/org/springframework/spring-core/5.3.14/spring-core-5.3.14.jar:/Users/mikehummel/.m2/repository/org/springframework/spring-jcl/5.3.14/spring-jcl-5.3.14.jar:/Users/mikehummel/.m2/repository/org/springframework/boot/spring-boot-autoconfigure/2.6.2/spring-boot-autoconfigure-2.6.2.jar:/Users/mikehummel/.m2/repository/org/springframework/boot/spring-boot/2.6.2/spring-boot-2.6.2.jar:/Users/mikehummel/.m2/repository/org/springframework/boot/spring-boot-configuration-processor/2.6.2/spring-boot-configuration-processor-2.6.2.jar:/Users/mikehummel/.m2/repository/net/bytebuddy/byte-buddy/1.11.22/byte-buddy-1.11.22.jar:/Users/mikehummel/.m2/repository/net/bytebuddy/byte-buddy-agent/1.11.22/byte-buddy-agent-1.11.22.jar:/Users/mikehummel/.m2/repository/org/slf4j/slf4j-api/1.7.32/slf4j-api-1.7.32.jar:/Users/mikehummel/.m2/repository/org/jline/jline/3.19.0/jline-3.19.0.jar:/Users/mikehummel/.m2/repository/org/summerclouds/common/common-junit/0.0.1-SNAPSHOT/common-junit-0.0.1-SNAPSHOT.jar:/Users/mikehummel/.m2/repository/org/junit/jupiter/junit-jupiter-engine/5.8.2/junit-jupiter-engine-5.8.2.jar:/Users/mikehummel/.m2/repository/org/junit/platform/junit-platform-engine/1.8.2/junit-platform-engine-1.8.2.jar:/Users/mikehummel/.m2/repository/org/apiguardian/apiguardian-api/1.1.2/apiguardian-api-1.1.2.jar:/Users/mikehummel/.m2/repository/org/junit/jupiter/junit-jupiter-api/5.8.2/junit-jupiter-api-5.8.2.jar:/Users/mikehummel/.m2/repository/org/opentest4j/opentest4j/1.2.0/opentest4j-1.2.0.jar:/Users/mikehummel/.m2/repository/org/junit/platform/junit-platform-commons/1.8.2/junit-platform-commons-1.8.2.jar:/Users/mikehummel/.m2/repository/org/junit/platform/junit-platform-launcher/1.8.2/junit-platform-launcher-1.8.2.jar:/Users/mikehummel/.m2/repository/ch/qos/logback/logback-classic/1.2.9/logback-classic-1.2.9.jar:/Users/mikehummel/.m2/repository/ch/qos/logback/logback-core/1.2.9/logback-core-1.2.9.jar:"/>
    <property name="sun.cpu.endian" value="little"/>
    <property name="user.home" value="/Users/mikehummel"/>
    <property name="user.language" value="en"/>
    <property name="java.specification.vendor" value="Oracle Corporation"/>
    <property name="java.version.date" value="2019-10-15"/>
    <property name="java.home" value="/Library/Java/JavaVirtualMachines/adoptopenjdk-11.jdk/Contents/Home"/>
    <property name="file.separator" value="/"/>
    <property name="basedir" value="/Users/mikehummel/MHU/summerclouds/workspace/common-core-spring-boot-starter"/>
    <property name="java.vm.compressedOopsMode" value="Zero based"/>
    <property name="line.separator" value="&#10;"/>
    <property name="java.specification.name" value="Java Platform API Specification"/>
    <property name="java.vm.specification.vendor" value="Oracle Corporation"/>
    <property name="java.awt.graphicsenv" value="sun.awt.CGraphicsEnvironment"/>
    <property name="surefire.real.class.path" value="/Users/mikehummel/MHU/summerclouds/workspace/common-core-spring-boot-starter/target/surefire/surefirebooter13933548254791958439.jar"/>
    <property name="sun.management.compiler" value="HotSpot 64-Bit Tiered Compilers"/>
    <property name="ftp.nonProxyHosts" value="localhost|*.localhost"/>
    <property name="java.runtime.version" value="11.0.5+10"/>
    <property name="user.name" value="mikehummel"/>
    <property name="path.separator" value=":"/>
    <property name="os.version" value="10.16"/>
    <property name="java.runtime.name" value="OpenJDK Runtime Environment"/>
    <property name="file.encoding" value="UTF-8"/>
    <property name="java.vm.name" value="OpenJDK 64-Bit Server VM"/>
    <property name="java.vendor.version" value="AdoptOpenJDK"/>
    <property name="localRepository" value="/Users/mikehummel/.m2/repository"/>
    <property name="java.vendor.url.bug" value="https://github.com/AdoptOpenJDK/openjdk-build/issues"/>
    <property name="java.io.tmpdir" value="/var/folders/0s/h7h_nc990713dn8nr6wqvn8c0000gn/T/"/>
    <property name="java.version" value="11.0.5"/>
    <property name="user.dir" value="/Users/mikehummel/MHU/summerclouds/workspace/common-core-spring-boot-starter"/>
    <property name="os.arch" value="x86_64"/>
    <property name="java.vm.specification.name" value="Java Virtual Machine Specification"/>
    <property name="java.awt.printerjob" value="sun.lwawt.macosx.CPrinterJob"/>
    <property name="sun.os.patch.level" value="unknown"/>
    <property name="java.library.path" value="/Users/mikehummel/Library/Java/Extensions:/Library/Java/Extensions:/Network/Library/Java/Extensions:/System/Library/Java/Extensions:/usr/lib/java:."/>
    <property name="java.vendor" value="AdoptOpenJDK"/>
    <property name="java.vm.info" value="mixed mode"/>
    <property name="java.vm.version" value="11.0.5+10"/>
    <property name="sun.io.unicode.encoding" value="UnicodeBig"/>
    <property name="java.class.version" value="55.0"/>
    <property name="socksNonProxyHosts" value="localhost|*.localhost"/>
  </properties>
  <testcase name="testUtility" classname="org.summerclounds.core.test.MJsonTest" time="0.006"/>
  <testcase name="testJacksonTransformations" classname="org.summerclounds.core.test.MJsonTest" time="0.057"/>
  <testcase name="testSimpleTransformations" classname="org.summerclounds.core.test.MJsonTest" time="0.003"/>
  <testcase name="testSerializerTransformations" classname="org.summerclounds.core.test.MJsonTest" time="0.005"/>
</testsuite>